{
  "numTotalTestSuites": 13,
  "numPassedTestSuites": 9,
  "numFailedTestSuites": 4,
  "numPendingTestSuites": 0,
  "numTotalTests": 27,
  "numPassedTests": 23,
  "numFailedTests": 4,
  "numPendingTests": 0,
  "numTodoTests": 0,
  "snapshot": {
    "added": 0,
    "failure": false,
    "filesAdded": 0,
    "filesRemoved": 0,
    "filesRemovedList": [],
    "filesUnmatched": 0,
    "filesUpdated": 0,
    "matched": 0,
    "total": 0,
    "unchecked": 0,
    "uncheckedKeysByFile": [],
    "unmatched": 0,
    "updated": 0,
    "didUpdate": false
  },
  "startTime": 1771904821299,
  "success": false,
  "testResults": [
    {
      "assertionResults": [
        {
          "ancestorTitles": ["TokenVerifier ÔÇö HS256"],
          "fullName": "TokenVerifier ÔÇö HS256 verifies HS256 JWTs",
          "status": "passed",
          "title": "verifies HS256 JWTs",
          "duration": 9.034299999999973,
          "failureMessages": [],
          "meta": {}
        },
        {
          "ancestorTitles": ["TokenVerifier ÔÇö HS256"],
          "fullName": "TokenVerifier ÔÇö HS256 RevstackAuth.validate accepts Authorization headers",
          "status": "passed",
          "title": "RevstackAuth.validate accepts Authorization headers",
          "duration": 1.691500000000019,
          "failureMessages": [],
          "meta": {}
        },
        {
          "ancestorTitles": ["TokenVerifier ÔÇö HS256"],
          "fullName": "TokenVerifier ÔÇö HS256 rejects HS256 JWTs with wrong secret",
          "status": "passed",
          "title": "rejects HS256 JWTs with wrong secret",
          "duration": 1.162399999999991,
          "failureMessages": [],
          "meta": {}
        }
      ],
      "startTime": 1771904821865,
      "endTime": 1771904821877.1624,
      "status": "passed",
      "message": "",
      "name": "C:/Users/flava/OneDrive/Desktop/Work/revstack-os/packages/auth/tests/integration/verifier-hs256.test.ts"
    },
    {
      "assertionResults": [
        {
          "ancestorTitles": ["TokenVerifier ÔÇö RS256 Remote JWKS"],
          "fullName": "TokenVerifier ÔÇö RS256 Remote JWKS verifies RS256 JWTs using remote JWKS",
          "status": "passed",
          "title": "verifies RS256 JWTs using remote JWKS",
          "duration": 140.94420000000002,
          "failureMessages": [],
          "meta": {}
        },
        {
          "ancestorTitles": ["TokenVerifier ÔÇö RS256 Remote JWKS"],
          "fullName": "TokenVerifier ÔÇö RS256 Remote JWKS fails if the issuer does not match",
          "status": "failed",
          "title": "fails if the issuer does not match",
          "duration": 411.6940000000001,
          "failureMessages": [
            "AssertionError: expected 'unexpected \"iss\" claim value' to match /issuer/i\n    at C:/Users/flava/OneDrive/Desktop/Work/revstack-os/packages/auth/tests/integration/verifier-rs256-remote-jwks.test.ts:101:27\n    at file:///C:/Users/flava/OneDrive/Desktop/Work/revstack-os/node_modules/.pnpm/@vitest+runner@4.0.18/node_modules/@vitest/runner/dist/index.js:915:20"
          ],
          "meta": {}
        },
        {
          "ancestorTitles": ["TokenVerifier ÔÇö RS256 Remote JWKS"],
          "fullName": "TokenVerifier ÔÇö RS256 Remote JWKS fails if the JWKS does not contain the key (wrong kid / rotated keys)",
          "status": "failed",
          "title": "fails if the JWKS does not contain the key (wrong kid / rotated keys)",
          "duration": 262.50429999999983,
          "failureMessages": [
            "AssertionError: expected 'no applicable key found in the JSON WÔÇª' to match /signature verification failed|multipÔÇª/i\n    at C:/Users/flava/OneDrive/Desktop/Work/revstack-os/packages/auth/tests/integration/verifier-rs256-remote-jwks.test.ts:144:27\n    at file:///C:/Users/flava/OneDrive/Desktop/Work/revstack-os/node_modules/.pnpm/@vitest+runner@4.0.18/node_modules/@vitest/runner/dist/index.js:915:20"
          ],
          "meta": {}
        }
      ],
      "startTime": 1771904821884,
      "endTime": 1771904822699.5044,
      "status": "failed",
      "message": "",
      "name": "C:/Users/flava/OneDrive/Desktop/Work/revstack-os/packages/auth/tests/integration/verifier-rs256-remote-jwks.test.ts"
    },
    {
      "assertionResults": [
        {
          "ancestorTitles": ["buildAuthContract"],
          "fullName": "buildAuthContract auth0 produces RS256 contract",
          "status": "passed",
          "title": "auth0 produces RS256 contract",
          "duration": 2.1118000000000166,
          "failureMessages": [],
          "meta": {}
        },
        {
          "ancestorTitles": ["buildAuthContract"],
          "fullName": "buildAuthContract clerk produces RS256 contract",
          "status": "passed",
          "title": "clerk produces RS256 contract",
          "duration": 0.6340999999999894,
          "failureMessages": [],
          "meta": {}
        },
        {
          "ancestorTitles": ["buildAuthContract"],
          "fullName": "buildAuthContract supabase produces RS256 contract when secret is missing",
          "status": "passed",
          "title": "supabase produces RS256 contract when secret is missing",
          "duration": 0.4438000000000102,
          "failureMessages": [],
          "meta": {}
        },
        {
          "ancestorTitles": ["buildAuthContract"],
          "fullName": "buildAuthContract supabase produces HS256 contract when secret is provided",
          "status": "passed",
          "title": "supabase produces HS256 contract when secret is provided",
          "duration": 0.5114000000000942,
          "failureMessages": [],
          "meta": {}
        },
        {
          "ancestorTitles": ["buildAuthContract"],
          "fullName": "buildAuthContract cognito produces RS256 contract",
          "status": "passed",
          "title": "cognito produces RS256 contract",
          "duration": 0.3926999999999907,
          "failureMessages": [],
          "meta": {}
        },
        {
          "ancestorTitles": ["buildAuthContract"],
          "fullName": "buildAuthContract firebase produces RS256 contract",
          "status": "passed",
          "title": "firebase produces RS256 contract",
          "duration": 0.39170000000001437,
          "failureMessages": [],
          "meta": {}
        },
        {
          "ancestorTitles": ["buildAuthContract"],
          "fullName": "buildAuthContract custom produces HS256 contract",
          "status": "passed",
          "title": "custom produces HS256 contract",
          "duration": 0.4456000000000131,
          "failureMessages": [],
          "meta": {}
        },
        {
          "ancestorTitles": ["buildAuthContract", "Validation Errors"],
          "fullName": "buildAuthContract Validation Errors throws if auth0 domain is empty",
          "status": "passed",
          "title": "throws if auth0 domain is empty",
          "duration": 1.2119000000000142,
          "failureMessages": [],
          "meta": {}
        },
        {
          "ancestorTitles": ["buildAuthContract", "Validation Errors"],
          "fullName": "buildAuthContract Validation Errors throws if clerk issuerUrl is empty",
          "status": "passed",
          "title": "throws if clerk issuerUrl is empty",
          "duration": 0.5942000000000007,
          "failureMessages": [],
          "meta": {}
        },
        {
          "ancestorTitles": ["buildAuthContract", "Validation Errors"],
          "fullName": "buildAuthContract Validation Errors throws if supabase projectUrl is empty",
          "status": "passed",
          "title": "throws if supabase projectUrl is empty",
          "duration": 0.3808999999999969,
          "failureMessages": [],
          "meta": {}
        },
        {
          "ancestorTitles": ["buildAuthContract", "Validation Errors"],
          "fullName": "buildAuthContract Validation Errors throws if cognito region or userPoolId is empty",
          "status": "passed",
          "title": "throws if cognito region or userPoolId is empty",
          "duration": 0.3424999999999727,
          "failureMessages": [],
          "meta": {}
        },
        {
          "ancestorTitles": ["buildAuthContract", "Validation Errors"],
          "fullName": "buildAuthContract Validation Errors throws if firebase projectId is empty",
          "status": "passed",
          "title": "throws if firebase projectId is empty",
          "duration": 0.13990000000001146,
          "failureMessages": [],
          "meta": {}
        },
        {
          "ancestorTitles": ["buildAuthContract", "Validation Errors"],
          "fullName": "buildAuthContract Validation Errors throws if custom signingSecret is empty",
          "status": "passed",
          "title": "throws if custom signingSecret is empty",
          "duration": 0.12220000000002074,
          "failureMessages": [],
          "meta": {}
        }
      ],
      "startTime": 1771904821962,
      "endTime": 1771904821970.14,
      "status": "passed",
      "message": "",
      "name": "C:/Users/flava/OneDrive/Desktop/Work/revstack-os/packages/auth/tests/unit/build-auth-contract.test.ts"
    },
    {
      "assertionResults": [
        {
          "ancestorTitles": ["debug"],
          "fullName": "debug dummy",
          "status": "passed",
          "title": "dummy",
          "duration": 0.8206000000000131,
          "failureMessages": [],
          "meta": {}
        }
      ],
      "startTime": 1771904821787,
      "endTime": 1771904821787.8206,
      "status": "passed",
      "message": "",
      "name": "C:/Users/flava/OneDrive/Desktop/Work/revstack-os/packages/auth/tests/unit/debug.test.ts"
    },
    {
      "assertionResults": [
        {
          "ancestorTitles": ["Auth Providers"],
          "fullName": "Auth Providers getAuthProviders returns all provider manifests",
          "status": "passed",
          "title": "getAuthProviders returns all provider manifests",
          "duration": 3.366800000000012,
          "failureMessages": [],
          "meta": {}
        },
        {
          "ancestorTitles": ["Auth Providers"],
          "fullName": "Auth Providers getAuthProvider returns a single manifest by slug",
          "status": "passed",
          "title": "getAuthProvider returns a single manifest by slug",
          "duration": 1.072499999999991,
          "failureMessages": [],
          "meta": {}
        }
      ],
      "startTime": 1771904821939,
      "endTime": 1771904821944.0725,
      "status": "passed",
      "message": "",
      "name": "C:/Users/flava/OneDrive/Desktop/Work/revstack-os/packages/auth/tests/unit/providers.test.ts"
    },
    {
      "assertionResults": [
        {
          "ancestorTitles": ["TokenVerifier ÔÇö Edge Cases"],
          "fullName": "TokenVerifier ÔÇö Edge Cases handles empty or non-string tokens",
          "status": "passed",
          "title": "handles empty or non-string tokens",
          "duration": 1.5002000000000066,
          "failureMessages": [],
          "meta": {}
        },
        {
          "ancestorTitles": ["TokenVerifier ÔÇö Edge Cases"],
          "fullName": "TokenVerifier ÔÇö Edge Cases handles malformed tokens",
          "status": "failed",
          "title": "handles malformed tokens",
          "duration": 12.682099999999991,
          "failureMessages": [
            "AssertionError: expected 'UNKNOWN_ERROR' to be 'INVALID_FORMAT' // Object.is equality\n    at C:/Users/flava/OneDrive/Desktop/Work/revstack-os/packages/auth/tests/unit/verifier-edge-cases.test.ts:29:31\n    at processTicksAndRejections (node:internal/process/task_queues:105:5)\n    at file:///C:/Users/flava/OneDrive/Desktop/Work/revstack-os/node_modules/.pnpm/@vitest+runner@4.0.18/node_modules/@vitest/runner/dist/index.js:915:20"
          ],
          "meta": {}
        },
        {
          "ancestorTitles": ["TokenVerifier ÔÇö Edge Cases"],
          "fullName": "TokenVerifier ÔÇö Edge Cases handles expired tokens",
          "status": "passed",
          "title": "handles expired tokens",
          "duration": 11.204000000000065,
          "failureMessages": [],
          "meta": {}
        },
        {
          "ancestorTitles": ["TokenVerifier ÔÇö Edge Cases"],
          "fullName": "TokenVerifier ÔÇö Edge Cases handles tokens missing the required user claim",
          "status": "passed",
          "title": "handles tokens missing the required user claim",
          "duration": 2.720299999999952,
          "failureMessages": [],
          "meta": {}
        },
        {
          "ancestorTitles": ["TokenVerifier ÔÇö Edge Cases"],
          "fullName": "TokenVerifier ÔÇö Edge Cases handles algorithm mismatch (e.g. RS256 token sent to HS256 verifier)",
          "status": "failed",
          "title": "handles algorithm mismatch (e.g. RS256 token sent to HS256 verifier)",
          "duration": 232.33409999999992,
          "failureMessages": [
            "AssertionError: expected 'NETWORK_ERROR' to be 'INVALID_SIGNATURE' // Object.is equality\n    at C:/Users/flava/OneDrive/Desktop/Work/revstack-os/packages/auth/tests/unit/verifier-edge-cases.test.ts:66:31\n    at file:///C:/Users/flava/OneDrive/Desktop/Work/revstack-os/node_modules/.pnpm/@vitest+runner@4.0.18/node_modules/@vitest/runner/dist/index.js:915:20"
          ],
          "meta": {}
        }
      ],
      "startTime": 1771904821868,
      "endTime": 1771904822128.334,
      "status": "failed",
      "message": "",
      "name": "C:/Users/flava/OneDrive/Desktop/Work/revstack-os/packages/auth/tests/unit/verifier-edge-cases.test.ts"
    }
  ]
}
