{
  "numTotalTestSuites": 2,
  "numPassedTestSuites": 0,
  "numFailedTestSuites": 2,
  "numPendingTestSuites": 0,
  "numTotalTests": 5,
  "numPassedTests": 3,
  "numFailedTests": 2,
  "numPendingTests": 0,
  "numTodoTests": 0,
  "snapshot": {
    "added": 0,
    "failure": false,
    "filesAdded": 0,
    "filesRemoved": 0,
    "filesRemovedList": [],
    "filesUnmatched": 0,
    "filesUpdated": 0,
    "matched": 0,
    "total": 0,
    "unchecked": 0,
    "uncheckedKeysByFile": [],
    "unmatched": 0,
    "updated": 0,
    "didUpdate": false
  },
  "startTime": 1771904729321,
  "success": false,
  "testResults": [
    {
      "assertionResults": [
        {
          "ancestorTitles": ["TokenVerifier ÔÇö Edge Cases"],
          "fullName": "TokenVerifier ÔÇö Edge Cases handles empty or non-string tokens",
          "status": "passed",
          "title": "handles empty or non-string tokens",
          "duration": 1.4648000000000252,
          "failureMessages": [],
          "meta": {}
        },
        {
          "ancestorTitles": ["TokenVerifier ÔÇö Edge Cases"],
          "fullName": "TokenVerifier ÔÇö Edge Cases handles malformed tokens",
          "status": "failed",
          "title": "handles malformed tokens",
          "duration": 6.70150000000001,
          "failureMessages": [
            "AssertionError: expected 'UNKNOWN_ERROR' to be 'INVALID_FORMAT' // Object.is equality\n    at C:/Users/flava/OneDrive/Desktop/Work/revstack-os/packages/auth/tests/unit/verifier-edge-cases.test.ts:29:31\n    at processTicksAndRejections (node:internal/process/task_queues:105:5)\n    at file:///C:/Users/flava/OneDrive/Desktop/Work/revstack-os/node_modules/.pnpm/@vitest+runner@4.0.18/node_modules/@vitest/runner/dist/index.js:915:20"
          ],
          "meta": {}
        },
        {
          "ancestorTitles": ["TokenVerifier ÔÇö Edge Cases"],
          "fullName": "TokenVerifier ÔÇö Edge Cases handles expired tokens",
          "status": "passed",
          "title": "handles expired tokens",
          "duration": 11.83019999999999,
          "failureMessages": [],
          "meta": {}
        },
        {
          "ancestorTitles": ["TokenVerifier ÔÇö Edge Cases"],
          "fullName": "TokenVerifier ÔÇö Edge Cases handles tokens missing the required user claim",
          "status": "passed",
          "title": "handles tokens missing the required user claim",
          "duration": 1.5363000000000397,
          "failureMessages": [],
          "meta": {}
        },
        {
          "ancestorTitles": ["TokenVerifier ÔÇö Edge Cases"],
          "fullName": "TokenVerifier ÔÇö Edge Cases handles algorithm mismatch (e.g. RS256 token sent to HS256 verifier)",
          "status": "failed",
          "title": "handles algorithm mismatch (e.g. RS256 token sent to HS256 verifier)",
          "duration": 459.2456,
          "failureMessages": [
            "AssertionError: expected 'NETWORK_ERROR' to be 'INVALID_SIGNATURE' // Object.is equality\n    at C:/Users/flava/OneDrive/Desktop/Work/revstack-os/packages/auth/tests/unit/verifier-edge-cases.test.ts:66:31\n    at file:///C:/Users/flava/OneDrive/Desktop/Work/revstack-os/node_modules/.pnpm/@vitest+runner@4.0.18/node_modules/@vitest/runner/dist/index.js:915:20"
          ],
          "meta": {}
        }
      ],
      "startTime": 1771904729722,
      "endTime": 1771904730203.2456,
      "status": "failed",
      "message": "",
      "name": "C:/Users/flava/OneDrive/Desktop/Work/revstack-os/packages/auth/tests/unit/verifier-edge-cases.test.ts"
    }
  ]
}
